\BOOKMARK [1][-]{section.1}{\376\377\225\356\230\230\221\315\217\360}{}% 1
\BOOKMARK [1][-]{section.2}{\376\377\127\372\147\054\120\107\213\276}{}% 2
\BOOKMARK [1][-]{section.3}{\376\377\173\046\123\367\213\364\146\016}{}% 3
\BOOKMARK [1][-]{section.4}{\376\377\225\356\230\230\116\000\377\010\0001\377\011\377\032\143\245\123\327\117\341\123\367\145\340\116\272\147\072\166\204\133\232\117\115\152\041\127\213}{}% 4
\BOOKMARK [2][-]{subsection.4.1}{\376\377\127\372\116\216\116\044\127\006\166\370\116\244\166\204\133\232\117\115\152\041\127\213}{section.4}% 5
\BOOKMARK [2][-]{subsection.4.2}{\376\377\162\171\133\232\140\305\121\265\116\013\166\204\213\250\213\272}{section.4}% 6
\BOOKMARK [1][-]{section.5}{\376\377\225\356\230\230\116\000\377\010\0002\377\011\377\032\145\340\116\272\147\072\147\011\145\110\133\232\117\115\147\141\116\366}{}% 7
\BOOKMARK [2][-]{subsection.5.1}{\376\377\220\032\217\307\211\322\136\246\117\341\140\157\117\060\173\227\123\321\134\004\117\341\123\367\145\340\116\272\147\072\136\217\145\160}{section.5}% 8
\BOOKMARK [2][-]{subsection.5.2}{\376\377\230\235\131\026\116\000\147\266\145\340\116\272\147\072\166\204\140\305\121\265}{section.5}% 9
\BOOKMARK [2][-]{subsection.5.3}{\376\377\230\235\131\026\116\044\147\266\145\340\116\272\147\072\166\204\140\305\121\265}{section.5}% 10
\BOOKMARK [1][-]{section.6}{\376\377\225\356\230\230\116\000\377\010\0003\377\011\377\032\145\340\116\272\147\072\177\026\226\037\214\003\145\164}{}% 11
\BOOKMARK [2][-]{subsection.6.1}{\376\377\127\050\211\322\136\246\143\007\137\025\116\013\166\204\145\340\116\272\147\072\171\373\122\250}{section.6}% 12
\BOOKMARK [2][-]{subsection.6.2}{\376\377\145\340\116\272\147\072\177\026\226\037\214\003\145\164\145\271\150\110}{section.6}% 13
\BOOKMARK [3][-]{subsubsection.6.2.1}{\376\377\214\003\145\164\145\271\150\110\166\204\134\102\153\041\176\323\147\204}{subsection.6.2}% 14
\BOOKMARK [3][-]{subsubsection.6.2.2}{\376\377\211\322\136\246\167\353\153\143\153\145}{subsection.6.2}% 15
\BOOKMARK [3][-]{subsubsection.6.2.3}{\376\377\123\112\137\204\167\353\153\143\153\145}{subsection.6.2}% 16
\BOOKMARK [3][-]{subsubsection.6.2.4}{\376\377\214\003\145\164\145\271\150\110\155\101\172\013}{subsection.6.2}% 17
\BOOKMARK [2][-]{subsection.6.3}{\376\377\214\003\145\164\145\271\150\110\166\204\152\041\142\337}{section.6}% 18
\BOOKMARK [2][-]{subsection.6.4}{\376\377\145\066\145\133\146\364\137\353\166\204\214\003\145\164\173\126\165\145}{section.6}% 19
\BOOKMARK [3][-]{subsubsection.6.4.1}{\376\377\0004\145\340\116\272\147\072\127\006\124\150\226\037\122\027\214\003\145\164}{subsection.6.4}% 20
\BOOKMARK [3][-]{subsubsection.6.4.2}{\376\377\214\003\145\164\173\126\165\145\152\041\142\337}{subsection.6.4}% 21
\BOOKMARK [1][-]{section.7}{\376\377\225\356\230\230\116\214\377\032\225\045\137\142\226\037\122\027\214\003\145\164\145\271\150\110}{}% 22
\BOOKMARK [2][-]{subsection.7.1}{\376\377\214\003\145\164\145\271\150\110}{section.7}% 23
\BOOKMARK [2][-]{subsection.7.2}{\376\377\214\003\145\164\145\271\150\110\166\204\152\041\142\337}{section.7}% 24
\BOOKMARK [1][-]{section.8}{\376\377\152\041\127\213\213\304\116\367}{}% 25
\BOOKMARK [1][-]{section.9}{\376\377\152\041\127\213\145\071\217\333\116\016\143\250\136\177}{}% 26
\BOOKMARK [1][-]{appendix.A}{\376\377\117\177\165\050\116\343\170\001}{}% 27
\BOOKMARK [2][-]{subsection.A.1}{\376\377\000c\000a\000l\000c\000u\000l\000a\000t\000e\000A\000n\000g\000l\000e\000.\000m}{appendix.A}% 28
\BOOKMARK [2][-]{subsection.A.2}{\376\377\000m\000o\000v\000e\000T\000o\000C\000e\000r\000t\000a\000i\000n\000A\000n\000g\000l\000e\000.\000m}{appendix.A}% 29
\BOOKMARK [2][-]{subsection.A.3}{\376\377\000r\000a\000d\000i\000u\000s\000A\000d\000j\000u\000s\000t\000.\000m}{appendix.A}% 30
\BOOKMARK [2][-]{subsection.A.4}{\376\377\000a\000n\000g\000l\000e\000A\000d\000j\000u\000s\000t\000.\000m}{appendix.A}% 31
\BOOKMARK [2][-]{subsection.A.5}{\376\377\000q\000u\000e\000s\000t\000i\000o\000n\0001\000\137\0003\000.\000m}{appendix.A}% 32
\BOOKMARK [2][-]{subsection.A.6}{\376\377\000q\000u\000e\000s\000t\000i\000o\000n\0001\000\137\0003\000\137\0002\000.\000m}{appendix.A}% 33
\BOOKMARK [2][-]{subsection.A.7}{\376\377\000q\000u\000e\000s\000t\000i\000o\000n\0001\000\137\0003\000\137\0003\000.\000m}{appendix.A}% 34
\BOOKMARK [2][-]{subsection.A.8}{\376\377\000q\000u\000e\000s\000t\000i\000o\000n\0002\000.\000m}{appendix.A}% 35
